#
# There is insufficient memory for the Java Runtime Environment to continue.
# Native memory allocation (malloc) failed to allocate 1048576 bytes for AllocateHeap
# Possible reasons:
#   The system is out of physical RAM or swap space
#   The process is running with CompressedOops enabled, and the Java Heap may be blocking the growth of the native heap
# Possible solutions:
#   Reduce memory load on the system
#   Increase physical memory or swap space
#   Check if swap backing store is full
#   Decrease Java heap size (-Xmx/-Xms)
#   Decrease number of Java threads
#   Decrease Java thread stack sizes (-Xss)
#   Set larger code cache with -XX:ReservedCodeCacheSize=
#   JVM is running with Zero Based Compressed Oops mode in which the Java heap is
#     placed in the first 32GB address space. The Java Heap base address is the
#     maximum limit for the native heap growth. Please use -XX:HeapBaseMinAddress
#     to set the Java Heap base and to place the Java Heap above 32GB virtual address.
# This output file may be truncated or incomplete.
#
#  Out of Memory Error (memory/allocation.inline.hpp:61), pid=12792, tid=0x000000000000316c
#
# JRE version:  (8.0_251-b08) (build )
# Java VM: Java HotSpot(TM) 64-Bit Server VM (25.251-b08 mixed mode windows-amd64 compressed oops)
# Failed to write core dump. Minidumps are not enabled by default on client versions of Windows
#

---------------  T H R E A D  ---------------

Current thread (0x00000000029e7000):  JavaThread "Unknown thread" [_thread_in_vm, id=12652, stack(0x0000000002700000,0x0000000002800000)]

Stack: [0x0000000002700000,0x0000000002800000]
[error occurred during error reporting (printing stack bounds), id 0xc0000005]

Native frames: (J=compiled Java code, j=interpreted, Vv=VM code, C=native code)


---------------  P R O C E S S  ---------------

Java Threads: ( => current thread )

Other Threads:

=>0x00000000029e7000 (exited) JavaThread "Unknown thread" [_thread_in_vm, id=12652, stack(0x0000000002700000,0x0000000002800000)]

VM state:not at safepoint (normal execution)

VM Mutex/Monitor currently owned by a thread: None

heap address: 0x00000006c2600000, size: 4058 MB, Compressed Oops mode: Zero based, Oop shift amount: 3
Narrow klass base: 0x0000000000000000, Narrow klass shift: 3
Compressed class space size: 1073741824 Address: 0x00000007c0000000

Heap:
 PSYoungGen      total 75776K, used 1300K [0x000000076b780000, 0x0000000770c00000, 0x00000007c0000000)
  eden space 65024K, 2% used [0x000000076b780000,0x000000076b8c51f8,0x000000076f700000)
  from space 10752K, 0% used [0x0000000770180000,0x0000000770180000,0x0000000770c00000)
  to   space 10752K, 0% used [0x000000076f700000,0x000000076f700000,0x0000000770180000)
 ParOldGen       total 173568K, used 0K [0x00000006c2600000, 0x00000006ccf80000, 0x000000076b780000)
  object space 173568K, 0% used [0x00000006c2600000,0x00000006c2600000,0x00000006ccf80000)
 Metaspace       used 776K, capacity 4480K, committed 4480K, reserved 1056768K
  class space    used 76K, capacity 384K, committed 384K, reserved 1048576K

Card table byte_map: [0x0000000011ea0000,0x0000000012690000] byte_map_base: 0x000000000e88d000

Marking Bits: (ParMarkBitMap*) 0x000000006edbaf90
 Begin Bits: [0x00000000135e0000, 0x0000000017548000)
 End Bits:   [0x0000000017548000, 0x000000001b4b0000)

Polling page: 0x00000000003f0000

CodeCache: size=245760Kb used=328Kb max_used=328Kb free=245431Kb
 bounds [0x0000000002ae0000, 0x0000000002d50000, 0x0000000011ae0000]
 total_blobs=58 nmethods=0 adapters=38
 compilation: enabled

Compilation events (0 events):
No events

GC Heap History (0 events):
No events

Deoptimization events (0 events):
No events

Classes redefined (0 events):
No events

Internal exceptions (0 events):
No events

Events (10 events):
Event: 0.027 loading class java/lang/Short
Event: 0.027 loading class java/lang/Short done
Event: 0.027 loading class java/lang/Integer
Event: 0.027 loading class java/lang/Integer done
Event: 0.027 loading class java/lang/Long
Event: 0.027 loading class java/lang/Long done
Event: 0.028 loading class java/lang/NullPointerException
Event: 0.028 loading class java/lang/NullPointerException done
Event: 0.028 loading class java/lang/ArithmeticException
Event: 0.028 loading class java/lang/ArithmeticException done


Dynamic libraries:
0x00007ff63a930000 - 0x00007ff63a967000 	C:\Program Files\Java\jdk1.8.0_251\bin\java.exe
0x00007ffcb9760000 - 0x00007ffcb9950000 	C:\Windows\SYSTEM32\ntdll.dll
0x00007ffcb87e0000 - 0x00007ffcb8892000 	C:\Windows\System32\KERNEL32.DLL
0x00007ffcb73e0000 - 0x00007ffcb7685000 	C:\Windows\System32\KERNELBASE.dll
0x00007ffcb8e90000 - 0x00007ffcb8f33000 	C:\Windows\System32\ADVAPI32.dll
0x00007ffcb8120000 - 0x00007ffcb81be000 	C:\Windows\System32\msvcrt.dll
0x00007ffcb89a0000 - 0x00007ffcb8a37000 	C:\Windows\System32\sechost.dll
0x00007ffcb9460000 - 0x00007ffcb957f000 	C:\Windows\System32\RPCRT4.dll
0x00007ffcb9580000 - 0x00007ffcb9714000 	C:\Windows\System32\USER32.dll
0x00007ffcb6a50000 - 0x00007ffcb6a71000 	C:\Windows\System32\win32u.dll
0x00007ffcb8a40000 - 0x00007ffcb8a66000 	C:\Windows\System32\GDI32.dll
0x00007ffcb68b0000 - 0x00007ffcb6a48000 	C:\Windows\System32\gdi32full.dll
0x00007ffcb6810000 - 0x00007ffcb68ae000 	C:\Windows\System32\msvcp_win.dll
0x00007ffcb6b30000 - 0x00007ffcb6c2a000 	C:\Windows\System32\ucrtbase.dll
0x00007ffca3400000 - 0x00007ffca3684000 	C:\Windows\WinSxS\amd64_microsoft.windows.common-controls_6595b64144ccf1df_6.0.18362.1440_none_9e7dbfb9e45e8e67\COMCTL32.dll
0x00007ffcb9120000 - 0x00007ffcb9456000 	C:\Windows\System32\combase.dll
0x00007ffcb6780000 - 0x00007ffcb6801000 	C:\Windows\System32\bcryptPrimitives.dll
0x00007ffcb8a70000 - 0x00007ffcb8a9e000 	C:\Windows\System32\IMM32.DLL
0x000000006ee40000 - 0x000000006ef12000 	C:\Program Files\Java\jdk1.8.0_251\jre\bin\msvcr100.dll
0x000000006e590000 - 0x000000006ee3b000 	C:\Program Files\Java\jdk1.8.0_251\jre\bin\server\jvm.dll
0x00007ffcb79f0000 - 0x00007ffcb79f8000 	C:\Windows\System32\PSAPI.DLL
0x00007ffca3040000 - 0x00007ffca3049000 	C:\Windows\SYSTEM32\WSOCK32.dll
0x00007ffcb8920000 - 0x00007ffcb898f000 	C:\Windows\System32\WS2_32.dll
0x00007ffcb32a0000 - 0x00007ffcb32c4000 	C:\Windows\SYSTEM32\WINMM.dll
0x00007ffcb24c0000 - 0x00007ffcb24ca000 	C:\Windows\SYSTEM32\VERSION.dll
0x00007ffcb3270000 - 0x00007ffcb329d000 	C:\Windows\SYSTEM32\WINMMBASE.dll
0x00007ffcb6a80000 - 0x00007ffcb6aca000 	C:\Windows\System32\cfgmgr32.dll
0x00007ffcb2780000 - 0x00007ffcb278f000 	C:\Program Files\Java\jdk1.8.0_251\jre\bin\verify.dll
0x00007ffca5770000 - 0x00007ffca5799000 	C:\Program Files\Java\jdk1.8.0_251\jre\bin\java.dll
0x00007ffca5720000 - 0x00007ffca5743000 	C:\Program Files\Java\jdk1.8.0_251\jre\bin\instrument.dll
0x00007ffca5750000 - 0x00007ffca5766000 	C:\Program Files\Java\jdk1.8.0_251\jre\bin\zip.dll

VM Arguments:
jvm_args: -XX:TieredStopAtLevel=1 -Xverify:none -Dspring.output.ansi.enabled=always -Dcom.sun.management.jmxremote -Dspring.jmx.enabled=true -Dspring.liveBeansView.mbeanDomain -Dspring.application.admin.enabled=true -javaagent:C:\Program Files\JetBrains\IntelliJ IDEA 2020.1.1\lib\idea_rt.jar=62513:C:\Program Files\JetBrains\IntelliJ IDEA 2020.1.1\bin -Dfile.encoding=UTF-8 
java_command: com.dinhphu.practice_angularjs.PracticeAngularjsApplication
java_class_path (initial): C:\Program Files\Java\jdk1.8.0_251\jre\lib\charsets.jar;C:\Program Files\Java\jdk1.8.0_251\jre\lib\deploy.jar;C:\Program Files\Java\jdk1.8.0_251\jre\lib\ext\access-bridge-64.jar;C:\Program Files\Java\jdk1.8.0_251\jre\lib\ext\cldrdata.jar;C:\Program Files\Java\jdk1.8.0_251\jre\lib\ext\dnsns.jar;C:\Program Files\Java\jdk1.8.0_251\jre\lib\ext\jaccess.jar;C:\Program Files\Java\jdk1.8.0_251\jre\lib\ext\jfxrt.jar;C:\Program Files\Java\jdk1.8.0_251\jre\lib\ext\localedata.jar;C:\Program Files\Java\jdk1.8.0_251\jre\lib\ext\nashorn.jar;C:\Program Files\Java\jdk1.8.0_251\jre\lib\ext\sunec.jar;C:\Program Files\Java\jdk1.8.0_251\jre\lib\ext\sunjce_provider.jar;C:\Program Files\Java\jdk1.8.0_251\jre\lib\ext\sunmscapi.jar;C:\Program Files\Java\jdk1.8.0_251\jre\lib\ext\sunpkcs11.jar;C:\Program Files\Java\jdk1.8.0_251\jre\lib\ext\zipfs.jar;C:\Program Files\Java\jdk1.8.0_251\jre\lib\javaws.jar;C:\Program Files\Java\jdk1.8.0_251\jre\lib\jce.jar;C:\Program Files\Java\jdk1.8.0_251\jre\lib\jfr.jar;C:\Program Files\Java\jdk1.8.0_251\jre\lib\jfxswt.jar;C:\Program Files\Java\jdk1.8.0_251\jre\lib\jsse.jar;C:\Program Files\Java\jdk1.8.0_251\jre\lib\management-agent.jar;C:\Program Files\Java\jdk1.8.0_251\jre\lib\plugin.jar;C:\Program Files\Java\jdk1.8.0_251\jre\lib\resources.jar;C:\Program Files\Java\jdk1.8.0_251\jre\lib\rt.jar;D:\Book\Spring process recommendation\practice\practice_angularjs\target\classes;C:\Users\Dinh Phu\.m2\repository\org\springframework\boot\spring-boot-starter-data-jpa\2.4.3\spring-boot-starter-data-jpa-2.4.3.jar;C:\Users\Dinh Phu\.m2\repository\org\springframework\boot\spring-boot-starter-aop\2.4.3\spring-boot-starter-aop-2.4.3.jar;C:\Users\Dinh Phu\.m2\repository\org\springframework\spring-aop\5.3.4\spring-aop-5.3.4.jar;C:\Users\Dinh Phu\.m2\repository\org\aspectj\aspectjweaver\1.9.6\aspectjweaver-1.9.6.jar;C:\Users\Dinh Phu\.m2\repository\org\springframework\boot\spring-boot-starter-jdbc\2.4.3\spring-boot-starter-jdbc-2.4.3.jar;C:\Users\D
Launcher Type: SUN_STANDARD

Environment Variables:
JAVA_HOME=C:\Program Files\Java\jdk1.8.0_251
PATH=D:\Software\oracle19c\bin;D:\oracle\installer\bin;C:\Program Files (x86)\Common Files\Oracle\Java\javapath;C:\Windows\system32;C:\Windows;C:\Windows\System32\Wbem;C:\Windows\System32\WindowsPowerShell\v1.0\;C:\Windows\System32\OpenSSH\;C:\Program Files (x86)\NVIDIA Corporation\PhysX\Common;C:\Program Files\Intel\WiFi\bin\;C:\Program Files\Common Files\Intel\WirelessCommon\;C:\Program Files\Microsoft SQL Server\130\Tools\Binn\;C:\Program Files\nodejs\;C:\MinGW\bin;C:\Program Files\Git\cmd;D:\maven\bin;C:\Program Files\Java\jdk1.8.0_251\bin;C:\Program Files\PuTTY\;C:\Users\Dinh Phu\AppData\Local\Programs\Python\Python39\Scripts\;C:\Users\Dinh Phu\AppData\Local\Programs\Python\Python39\;C:\Users\Dinh Phu\AppData\Roaming\npm;C:\Users\Dinh Phu\scripts;;C:\Program Files\JetBrains\IntelliJ IDEA 2020.1.1\bin;;C:\Users\Dinh Phu\AppData\Local\Programs\Microsoft VS Code\bin
USERNAME=Dinh Phu
OS=Windows_NT
PROCESSOR_IDENTIFIER=Intel64 Family 6 Model 158 Stepping 10, GenuineIntel



---------------  S Y S T E M  ---------------

OS: Windows 10.0 , 64 bit Build 18362 (10.0.18362.1350)

CPU:total 12 (initial active 12) (6 cores per cpu, 2 threads per core) family 6 model 158 stepping 10, cmov, cx8, fxsr, mmx, sse, sse2, sse3, ssse3, sse4.1, sse4.2, popcnt, avx, avx2, aes, clmul, erms, 3dnowpref, lzcnt, ht, tsc, tscinvbit, bmi1, bmi2, adx

Memory: 4k page, physical 16619440k(7415304k free), swap 20920240k(5448k free)

vm_info: Java HotSpot(TM) 64-Bit Server VM (25.251-b08) for windows-amd64 JRE (1.8.0_251-b08), built on Mar 12 2020 06:31:49 by "" with MS VC++ 10.0 (VS2010)

time: Tue Mar 16 16:57:03 2021
timezone: SE Asia Standard Time
elapsed time: 0 seconds (0d 0h 0m 0s)

